<?xml version="1.0" encoding="UTF-8"?>
<!-- Generated by org.testng.reporters.JUnitReportReporter -->
<testsuite hostname="EC2AMAZ-S11DBRH" failures="0" tests="1" name="Handson.CPTTest" time="12.049" errors="0" timestamp="09 Feb 2024 06:32:13 GMT" skipped="0">
  <testcase classname="Handson.CPTTest" name="deviceModeTest" time="12.049"/>
</testsuite> <!-- Handson.CPTTest -->
